ERROR - 2024-05-28 13:04:48 --> mysqli_sql_exception: Incorrect database name '' in C:\xampp\htdocs\akbar_cv\system\Database\MySQLi\Connection.php:308
Stack trace:
#0 C:\xampp\htdocs\akbar_cv\system\Database\MySQLi\Connection.php(308): mysqli->query('SHOW TABLES FRO...', 0)
#1 C:\xampp\htdocs\akbar_cv\system\Database\BaseConnection.php(722): CodeIgniter\Database\MySQLi\Connection->execute('SHOW TABLES FRO...')
#2 C:\xampp\htdocs\akbar_cv\system\Database\BaseConnection.php(636): CodeIgniter\Database\BaseConnection->simpleQuery('SHOW TABLES FRO...')
#3 C:\xampp\htdocs\akbar_cv\system\Database\BaseConnection.php(1471): CodeIgniter\Database\BaseConnection->query('SHOW TABLES FRO...')
#4 C:\xampp\htdocs\akbar_cv\system\Database\BaseConnection.php(1490): CodeIgniter\Database\BaseConnection->listTables()
#5 C:\xampp\htdocs\akbar_cv\system\Database\MigrationRunner.php(759): CodeIgniter\Database\BaseConnection->tableExists('migrations')
#6 C:\xampp\htdocs\akbar_cv\system\Database\MigrationRunner.php(163): CodeIgniter\Database\MigrationRunner->ensureTable()
#7 C:\xampp\htdocs\akbar_cv\system\Commands\Database\Migrate.php(85): CodeIgniter\Database\MigrationRunner->latest(NULL)
#8 C:\xampp\htdocs\akbar_cv\system\CLI\Commands.php(70): CodeIgniter\Commands\Database\Migrate->run(Array)
#9 C:\xampp\htdocs\akbar_cv\system\CLI\Console.php(48): CodeIgniter\CLI\Commands->run('migrate', Array)
#10 C:\xampp\htdocs\akbar_cv\system\Boot.php(338): CodeIgniter\CLI\Console->run()
#11 C:\xampp\htdocs\akbar_cv\system\Boot.php(104): CodeIgniter\Boot::runCommand(Object(CodeIgniter\CLI\Console))
#12 C:\xampp\htdocs\akbar_cv\spark(84): CodeIgniter\Boot::bootSpark(Object(Config\Paths))
#13 {main}
ERROR - 2024-05-28 13:11:23 --> mysqli_sql_exception: Incorrect database name '' in C:\xampp\htdocs\akbar_cv\system\Database\MySQLi\Connection.php:308
Stack trace:
#0 C:\xampp\htdocs\akbar_cv\system\Database\MySQLi\Connection.php(308): mysqli->query('SHOW TABLES FRO...', 0)
#1 C:\xampp\htdocs\akbar_cv\system\Database\BaseConnection.php(722): CodeIgniter\Database\MySQLi\Connection->execute('SHOW TABLES FRO...')
#2 C:\xampp\htdocs\akbar_cv\system\Database\BaseConnection.php(636): CodeIgniter\Database\BaseConnection->simpleQuery('SHOW TABLES FRO...')
#3 C:\xampp\htdocs\akbar_cv\system\Database\BaseConnection.php(1471): CodeIgniter\Database\BaseConnection->query('SHOW TABLES FRO...')
#4 C:\xampp\htdocs\akbar_cv\system\Database\BaseConnection.php(1490): CodeIgniter\Database\BaseConnection->listTables()
#5 C:\xampp\htdocs\akbar_cv\system\Database\MigrationRunner.php(759): CodeIgniter\Database\BaseConnection->tableExists('migrations')
#6 C:\xampp\htdocs\akbar_cv\system\Database\MigrationRunner.php(163): CodeIgniter\Database\MigrationRunner->ensureTable()
#7 C:\xampp\htdocs\akbar_cv\system\Commands\Database\Migrate.php(85): CodeIgniter\Database\MigrationRunner->latest(NULL)
#8 C:\xampp\htdocs\akbar_cv\system\CLI\Commands.php(70): CodeIgniter\Commands\Database\Migrate->run(Array)
#9 C:\xampp\htdocs\akbar_cv\system\CLI\Console.php(48): CodeIgniter\CLI\Commands->run('migrate', Array)
#10 C:\xampp\htdocs\akbar_cv\system\Boot.php(338): CodeIgniter\CLI\Console->run()
#11 C:\xampp\htdocs\akbar_cv\system\Boot.php(104): CodeIgniter\Boot::runCommand(Object(CodeIgniter\CLI\Console))
#12 C:\xampp\htdocs\akbar_cv\spark(84): CodeIgniter\Boot::bootSpark(Object(Config\Paths))
#13 {main}
INFO - 2024-05-28 13:16:49 --> Session: Class initialized using 'CodeIgniter\Session\Handlers\FileHandler' driver.
INFO - 2024-05-28 13:21:13 --> Session: Class initialized using 'CodeIgniter\Session\Handlers\FileHandler' driver.
