ERROR - 2024-05-29 15:28:05 --> Error connecting to the database: mysqli_sql_exception: Unknown database 'dbabay' in C:\laragon\www\akbar_cv\system\Database\MySQLi\Connection.php:187
Stack trace:
#0 C:\laragon\www\akbar_cv\system\Database\MySQLi\Connection.php(187): mysqli->real_connect('localhost', 'root', '', 'dbabay', 3306, '', 0)
#1 C:\laragon\www\akbar_cv\system\Database\BaseConnection.php(421): CodeIgniter\Database\MySQLi\Connection->connect(false)
#2 C:\laragon\www\akbar_cv\system\Database\BaseConnection.php(604): CodeIgniter\Database\BaseConnection->initialize()
#3 C:\laragon\www\akbar_cv\system\Database\BaseBuilder.php(1629): CodeIgniter\Database\BaseConnection->query('SELECT *\nFROM `...', Array, false)
#4 C:\laragon\www\akbar_cv\system\Model.php(319): CodeIgniter\Database\BaseBuilder->get()
#5 C:\laragon\www\akbar_cv\system\BaseModel.php(714): CodeIgniter\Model->doFirst()
#6 C:\laragon\www\akbar_cv\app\Controllers\Home.php(12): CodeIgniter\BaseModel->first()
#7 C:\laragon\www\akbar_cv\system\CodeIgniter.php(933): App\Controllers\Home->index()
#8 C:\laragon\www\akbar_cv\system\CodeIgniter.php(509): CodeIgniter\CodeIgniter->runController(Object(App\Controllers\Home))
#9 C:\laragon\www\akbar_cv\system\CodeIgniter.php(355): CodeIgniter\CodeIgniter->handleRequest(NULL, Object(Config\Cache), false)
#10 C:\laragon\www\akbar_cv\system\Boot.php(312): CodeIgniter\CodeIgniter->run()
#11 C:\laragon\www\akbar_cv\system\Boot.php(67): CodeIgniter\Boot::runCodeIgniter(Object(CodeIgniter\CodeIgniter))
#12 C:\laragon\www\akbar_cv\public\index.php(56): CodeIgniter\Boot::bootWeb(Object(Config\Paths))
#13 C:\laragon\www\akbar_cv\system\Commands\Server\rewrite.php(49): require_once('C:\\laragon\\www\\...')
#14 {main}

Next CodeIgniter\Database\Exceptions\DatabaseException: Unknown database 'dbabay' in C:\laragon\www\akbar_cv\system\Database\MySQLi\Connection.php:231
Stack trace:
#0 C:\laragon\www\akbar_cv\system\Database\BaseConnection.php(421): CodeIgniter\Database\MySQLi\Connection->connect(false)
#1 C:\laragon\www\akbar_cv\system\Database\BaseConnection.php(604): CodeIgniter\Database\BaseConnection->initialize()
#2 C:\laragon\www\akbar_cv\system\Database\BaseBuilder.php(1629): CodeIgniter\Database\BaseConnection->query('SELECT *\nFROM `...', Array, false)
#3 C:\laragon\www\akbar_cv\system\Model.php(319): CodeIgniter\Database\BaseBuilder->get()
#4 C:\laragon\www\akbar_cv\system\BaseModel.php(714): CodeIgniter\Model->doFirst()
#5 C:\laragon\www\akbar_cv\app\Controllers\Home.php(12): CodeIgniter\BaseModel->first()
#6 C:\laragon\www\akbar_cv\system\CodeIgniter.php(933): App\Controllers\Home->index()
#7 C:\laragon\www\akbar_cv\system\CodeIgniter.php(509): CodeIgniter\CodeIgniter->runController(Object(App\Controllers\Home))
#8 C:\laragon\www\akbar_cv\system\CodeIgniter.php(355): CodeIgniter\CodeIgniter->handleRequest(NULL, Object(Config\Cache), false)
#9 C:\laragon\www\akbar_cv\system\Boot.php(312): CodeIgniter\CodeIgniter->run()
#10 C:\laragon\www\akbar_cv\system\Boot.php(67): CodeIgniter\Boot::runCodeIgniter(Object(CodeIgniter\CodeIgniter))
#11 C:\laragon\www\akbar_cv\public\index.php(56): CodeIgniter\Boot::bootWeb(Object(Config\Paths))
#12 C:\laragon\www\akbar_cv\system\Commands\Server\rewrite.php(49): require_once('C:\\laragon\\www\\...')
#13 {main}
CRITICAL - 2024-05-29 15:28:05 --> CodeIgniter\Database\Exceptions\DatabaseException: Unable to connect to the database.
Main connection [MySQLi]: Unknown database 'dbabay'
[Method: GET, Route: /]
in SYSTEMPATH\Database\BaseConnection.php on line 457.
 1 SYSTEMPATH\Database\BaseConnection.php(604): CodeIgniter\Database\BaseConnection->initialize()
 2 SYSTEMPATH\Database\BaseBuilder.php(1629): CodeIgniter\Database\BaseConnection->query('SELECT *
FROM `myabay`
 LIMIT 1', [], false)
 3 SYSTEMPATH\Model.php(319): CodeIgniter\Database\BaseBuilder->get()
 4 SYSTEMPATH\BaseModel.php(714): CodeIgniter\Model->doFirst()
 5 APPPATH\Controllers\Home.php(12): CodeIgniter\BaseModel->first()
 6 SYSTEMPATH\CodeIgniter.php(933): App\Controllers\Home->index()
 7 SYSTEMPATH\CodeIgniter.php(509): CodeIgniter\CodeIgniter->runController(Object(App\Controllers\Home))
 8 SYSTEMPATH\CodeIgniter.php(355): CodeIgniter\CodeIgniter->handleRequest(null, Object(Config\Cache), false)
 9 SYSTEMPATH\Boot.php(312): CodeIgniter\CodeIgniter->run()
10 SYSTEMPATH\Boot.php(67): CodeIgniter\Boot::runCodeIgniter(Object(CodeIgniter\CodeIgniter))
11 FCPATH\index.php(56): CodeIgniter\Boot::bootWeb(Object(Config\Paths))
12 SYSTEMPATH\Commands\Server\rewrite.php(49): require_once('C:\\laragon\\www\\akbar_cv\\public\\index.php')
